Loading plugins phase: Elapsed time ==> 0s.260ms
Initializing data phase: Elapsed time ==> 0s.000ms
<CYPRESSTAG name="CyDsfit arguments...">
cydsfit arguments: -.fdsnotice -.fdswarpdepfile=warp_dependencies.txt -.fdselabdepfile=elab_dependencies.txt -.fdsbldfile=generated_files.txt -p C:\Users\bskg\Desktop\PSoC 5LP_16 Bit and 24 Bit Digital Filter Code Examples\Archive\PSoC 5LP_16 Bit and 24 Bit Digital Filter Code Examples\Filter_16Bit.cydsn\Filter_16Bit.cyprj -d CY8C5868AXI-LP035 -s C:\Users\bskg\Desktop\PSoC 5LP_16 Bit and 24 Bit Digital Filter Code Examples\Archive\PSoC 5LP_16 Bit and 24 Bit Digital Filter Code Examples\Filter_16Bit.cydsn\Generated_Source\PSoC5 -- -yv2 -q10 -ygs -o2 -v3 -.fftcfgtype=LE</CYPRESSTAG>
<CYPRESSTAG name="Design elaboration results...">
ADD: pft.M0035: information: Voltage Reference Information: Vref 'Vdda/2' is connected to terminal 'vminus' of '\ADC_DelSig:DSM\' but no direct hardware connection exists.
 * C:\Program Files (x86)\Cypress\PSoC Creator\3.3\PSoC Creator\psoc\content\cycomponentlibrary\CyComponentLibrary.cylib\ADC_DelSig_v3_20\PSoC5\ADC_DelSig_v3_20.cysch (Instance:DSM)
 * C:\Users\bskg\Desktop\PSoC 5LP_16 Bit and 24 Bit Digital Filter Code Examples\Archive\PSoC 5LP_16 Bit and 24 Bit Digital Filter Code Examples\Filter_16Bit.cydsn\TopDesign\TopDesign.cysch (Instance:vRef_1)

</CYPRESSTAG>
Elaboration phase: Elapsed time ==> 1s.450ms
<CYPRESSTAG name="HDL generation results...">
</CYPRESSTAG>
HDL generation phase: Elapsed time ==> 0s.050ms
<CYPRESSTAG name="Synthesis results...">

     | | | | | | |
   _________________
  -|               |-
  -|               |-
  -|               |-
  -|    CYPRESS    |-
  -|               |-
  -|               |-   Warp Verilog Synthesis Compiler: Version 6.3 IR 41
  -|               |-   Copyright (C) 1991-2001 Cypress Semiconductor
   |_______________|
     | | | | | | |

======================================================================
Compiling:  Filter_16Bit.v
Program  :   C:\Program Files (x86)\Cypress\PSoC Creator\3.3\PSoC Creator\warp\bin/warp.exe
Options  :    -yv2 -q10 -ygs -o2 -v3 -.fftcfgtype=LE -ya -.fftprj=C:\Users\bskg\Desktop\PSoC 5LP_16 Bit and 24 Bit Digital Filter Code Examples\Archive\PSoC 5LP_16 Bit and 24 Bit Digital Filter Code Examples\Filter_16Bit.cydsn\Filter_16Bit.cyprj -dcpsoc3 Filter_16Bit.v -verilog
======================================================================

======================================================================
Compiling:  Filter_16Bit.v
Program  :   C:\Program Files (x86)\Cypress\PSoC Creator\3.3\PSoC Creator\warp\bin/warp.exe
Options  :    -yv2 -q10 -ygs -o2 -v3 -.fftcfgtype=LE -ya -.fftprj=C:\Users\bskg\Desktop\PSoC 5LP_16 Bit and 24 Bit Digital Filter Code Examples\Archive\PSoC 5LP_16 Bit and 24 Bit Digital Filter Code Examples\Filter_16Bit.cydsn\Filter_16Bit.cyprj -dcpsoc3 Filter_16Bit.v -verilog
======================================================================

======================================================================
Compiling:  Filter_16Bit.v
Program  :   vlogfe
Options  :    -yv2 -q10 -ygs -o2 -v3 -.fftcfgtype=LE -ya -.fftprj=C:\Users\bskg\Desktop\PSoC 5LP_16 Bit and 24 Bit Digital Filter Code Examples\Archive\PSoC 5LP_16 Bit and 24 Bit Digital Filter Code Examples\Filter_16Bit.cydsn\Filter_16Bit.cyprj -dcpsoc3 -verilog Filter_16Bit.v
======================================================================

vlogfe V6.3 IR 41:  Verilog parser
Tue Mar 15 18:11:25 2016


======================================================================
Compiling:  Filter_16Bit.v
Program  :   vpp
Options  :    -yv2 -q10 Filter_16Bit.v
======================================================================

vpp V6.3 IR 41:  Verilog Pre-Processor
Tue Mar 15 18:11:25 2016

Flattening file 'C:\Program Files (x86)\Cypress\PSoC Creator\3.3\PSoC Creator\psoc\content\cyprimitives\CyPrimitives.cylib\ZeroTerminal\ZeroTerminal.v'
Flattening file 'C:\Program Files (x86)\Cypress\PSoC Creator\3.3\PSoC Creator\psoc\content\cyprimitives\CyPrimitives.cylib\cy_vref_v1_60\cy_vref_v1_60.v'
Flattening file 'C:\Program Files (x86)\Cypress\PSoC Creator\3.3\PSoC Creator\psoc\content\cyprimitives\CyPrimitives.cylib\cy_analog_virtualmux_v1_0\cy_analog_virtualmux_v1_0.v'
Flattening file 'C:\Program Files (x86)\Cypress\PSoC Creator\3.3\PSoC Creator\psoc\content\cyprimitives\CyPrimitives.cylib\cy_virtualmux_v1_0\cy_virtualmux_v1_0.v'
Flattening file 'C:\Program Files (x86)\Cypress\PSoC Creator\3.3\PSoC Creator\psoc\content\cyprimitives\CyPrimitives.cylib\or_v1_0\or_v1_0.v'

vpp:  No errors.

Library 'work' => directory 'lcpsoc3'
General_symbol_table
General_symbol_table
Linking 'C:\Program Files (x86)\Cypress\PSoC Creator\3.3\PSoC Creator\warp\lib\common\std.vhd'.
Linking 'C:\Program Files (x86)\Cypress\PSoC Creator\3.3\PSoC Creator\warp\lib\common\cypress.vhd'.
Linking 'C:\Program Files (x86)\Cypress\PSoC Creator\3.3\PSoC Creator\warp\lib\common\work\cypress.vif'.
Linking 'C:\Program Files (x86)\Cypress\PSoC Creator\3.3\PSoC Creator\warp\lib\ieee\work\stdlogic.vif'.
Linking 'C:\Program Files (x86)\Cypress\PSoC Creator\3.3\PSoC Creator\warp\lib\common\stdlogic\lpmpkg.vif'.
Linking 'C:\Program Files (x86)\Cypress\PSoC Creator\3.3\PSoC Creator\warp\lib\common\stdlogic\rtlpkg.vif'.
Linking 'C:\Program Files (x86)\Cypress\PSoC Creator\3.3\PSoC Creator\warp\lib\common\stdlogic\mod_cnst.vif'.
Linking 'C:\Program Files (x86)\Cypress\PSoC Creator\3.3\PSoC Creator\warp\lib\common\stdlogic\mod_mthv.vif'.
Linking 'C:\Program Files (x86)\Cypress\PSoC Creator\3.3\PSoC Creator\warp\lib\common\stdlogic\mod_genv.vif'.
Using control file 'Filter_16Bit.ctl'.

vlogfe:  No errors.


======================================================================
Compiling:  Filter_16Bit.v
Program  :   tovif
Options  :    -yv2 -q10 -ygs -o2 -v3 -.fftcfgtype=LE -ya -.fftprj=C:\Users\bskg\Desktop\PSoC 5LP_16 Bit and 24 Bit Digital Filter Code Examples\Archive\PSoC 5LP_16 Bit and 24 Bit Digital Filter Code Examples\Filter_16Bit.cydsn\Filter_16Bit.cyprj -dcpsoc3 -verilog Filter_16Bit.v
======================================================================

tovif V6.3 IR 41:  High-level synthesis
Tue Mar 15 18:11:25 2016

Linking 'C:\Program Files (x86)\Cypress\PSoC Creator\3.3\PSoC Creator\warp\lib\common\std.vhd'.
Linking 'C:\Program Files (x86)\Cypress\PSoC Creator\3.3\PSoC Creator\warp\lib\common\cypress.vhd'.
Linking 'C:\Program Files (x86)\Cypress\PSoC Creator\3.3\PSoC Creator\warp\lib\common\work\cypress.vif'.
Linking 'C:\Program Files (x86)\Cypress\PSoC Creator\3.3\PSoC Creator\warp\lib\ieee\work\stdlogic.vif'.
Linking 'C:\Program Files (x86)\Cypress\PSoC Creator\3.3\PSoC Creator\warp\lib\common\stdlogic\lpmpkg.vif'.
Linking 'C:\Program Files (x86)\Cypress\PSoC Creator\3.3\PSoC Creator\warp\lib\common\stdlogic\rtlpkg.vif'.
Linking 'C:\Program Files (x86)\Cypress\PSoC Creator\3.3\PSoC Creator\warp\lib\common\stdlogic\mod_cnst.vif'.
Linking 'C:\Program Files (x86)\Cypress\PSoC Creator\3.3\PSoC Creator\warp\lib\common\stdlogic\mod_mthv.vif'.
Linking 'C:\Program Files (x86)\Cypress\PSoC Creator\3.3\PSoC Creator\warp\lib\common\stdlogic\mod_genv.vif'.
Linking 'C:\Users\bskg\Desktop\PSoC 5LP_16 Bit and 24 Bit Digital Filter Code Examples\Archive\PSoC 5LP_16 Bit and 24 Bit Digital Filter Code Examples\Filter_16Bit.cydsn\codegentemp\Filter_16Bit.ctl'.
Linking 'C:\Program Files (x86)\Cypress\PSoC Creator\3.3\PSoC Creator\psoc\content\cyprimitives\CyPrimitives.cylib\ZeroTerminal\ZeroTerminal.v'.
Linking 'C:\Users\bskg\Desktop\PSoC 5LP_16 Bit and 24 Bit Digital Filter Code Examples\Archive\PSoC 5LP_16 Bit and 24 Bit Digital Filter Code Examples\Filter_16Bit.cydsn\codegentemp\Filter_16Bit.v'.
Linking 'C:\Program Files (x86)\Cypress\PSoC Creator\3.3\PSoC Creator\psoc\content\cyprimitives\CyPrimitives.cylib\cy_vref_v1_60\cy_vref_v1_60.v'.
Linking 'C:\Program Files (x86)\Cypress\PSoC Creator\3.3\PSoC Creator\psoc\content\cyprimitives\CyPrimitives.cylib\cy_analog_virtualmux_v1_0\cy_analog_virtualmux_v1_0.v'.
Linking 'C:\Program Files (x86)\Cypress\PSoC Creator\3.3\PSoC Creator\psoc\content\cyprimitives\CyPrimitives.cylib\cy_virtualmux_v1_0\cy_virtualmux_v1_0.v'.
Linking 'C:\Program Files (x86)\Cypress\PSoC Creator\3.3\PSoC Creator\psoc\content\cyprimitives\CyPrimitives.cylib\or_v1_0\or_v1_0.v'.

tovif:  No errors.


======================================================================
Compiling:  Filter_16Bit.v
Program  :   topld
Options  :    -yv2 -q10 -ygs -o2 -v3 -.fftcfgtype=LE -ya -.fftprj=C:\Users\bskg\Desktop\PSoC 5LP_16 Bit and 24 Bit Digital Filter Code Examples\Archive\PSoC 5LP_16 Bit and 24 Bit Digital Filter Code Examples\Filter_16Bit.cydsn\Filter_16Bit.cyprj -dcpsoc3 -verilog Filter_16Bit.v
======================================================================

topld V6.3 IR 41:  Synthesis and optimization
Tue Mar 15 18:11:25 2016

Linking 'C:\Program Files (x86)\Cypress\PSoC Creator\3.3\PSoC Creator\warp\lib\common\std.vhd'.
Linking 'C:\Program Files (x86)\Cypress\PSoC Creator\3.3\PSoC Creator\warp\lib\common\cypress.vhd'.
Linking 'C:\Program Files (x86)\Cypress\PSoC Creator\3.3\PSoC Creator\warp\lib\common\work\cypress.vif'.
Linking 'C:\Program Files (x86)\Cypress\PSoC Creator\3.3\PSoC Creator\warp\lib\ieee\work\stdlogic.vif'.
Linking 'C:\Program Files (x86)\Cypress\PSoC Creator\3.3\PSoC Creator\warp\lib\common\stdlogic\lpmpkg.vif'.
Linking 'C:\Program Files (x86)\Cypress\PSoC Creator\3.3\PSoC Creator\warp\lib\common\stdlogic\rtlpkg.vif'.
Linking 'C:\Program Files (x86)\Cypress\PSoC Creator\3.3\PSoC Creator\warp\lib\common\stdlogic\mod_cnst.vif'.
Linking 'C:\Program Files (x86)\Cypress\PSoC Creator\3.3\PSoC Creator\warp\lib\common\stdlogic\mod_mthv.vif'.
Linking 'C:\Program Files (x86)\Cypress\PSoC Creator\3.3\PSoC Creator\warp\lib\common\stdlogic\mod_genv.vif'.
Linking 'C:\Users\bskg\Desktop\PSoC 5LP_16 Bit and 24 Bit Digital Filter Code Examples\Archive\PSoC 5LP_16 Bit and 24 Bit Digital Filter Code Examples\Filter_16Bit.cydsn\codegentemp\Filter_16Bit.ctl'.
Linking 'C:\Program Files (x86)\Cypress\PSoC Creator\3.3\PSoC Creator\psoc\content\cyprimitives\CyPrimitives.cylib\ZeroTerminal\ZeroTerminal.v'.
Linking 'C:\Users\bskg\Desktop\PSoC 5LP_16 Bit and 24 Bit Digital Filter Code Examples\Archive\PSoC 5LP_16 Bit and 24 Bit Digital Filter Code Examples\Filter_16Bit.cydsn\codegentemp\Filter_16Bit.v'.
Linking 'C:\Program Files (x86)\Cypress\PSoC Creator\3.3\PSoC Creator\psoc\content\cyprimitives\CyPrimitives.cylib\cy_vref_v1_60\cy_vref_v1_60.v'.
Linking 'C:\Program Files (x86)\Cypress\PSoC Creator\3.3\PSoC Creator\psoc\content\cyprimitives\CyPrimitives.cylib\cy_analog_virtualmux_v1_0\cy_analog_virtualmux_v1_0.v'.
Linking 'C:\Program Files (x86)\Cypress\PSoC Creator\3.3\PSoC Creator\psoc\content\cyprimitives\CyPrimitives.cylib\cy_virtualmux_v1_0\cy_virtualmux_v1_0.v'.
Linking 'C:\Program Files (x86)\Cypress\PSoC Creator\3.3\PSoC Creator\psoc\content\cyprimitives\CyPrimitives.cylib\or_v1_0\or_v1_0.v'.
Linking 'C:\Program Files (x86)\Cypress\PSoC Creator\3.3\PSoC Creator\warp\lib\lcpsoc3\stdlogic\cpsoc3.vif'.

----------------------------------------------------------
Detecting unused logic.
----------------------------------------------------------
    User names
	\ADC_DelSig:Net_268\
	\ADC_DelSig:Net_270\


Deleted 2 User equations/components.
Deleted 0 Synthesized equations/components.

------------------------------------------------------
Alias Detection
------------------------------------------------------
Aliasing one to tmpOE__VDAC_net_0
Aliasing \VDAC8:Net_83\ to zero
Aliasing \VDAC8:Net_81\ to zero
Aliasing \VDAC8:Net_82\ to zero
Aliasing tmpOE__Input_Signal_net_0 to tmpOE__VDAC_net_0
Aliasing \Filter:Net_1\ to zero
Aliasing \Filter:Net_4\ to zero
Aliasing \Filter:Net_5\ to zero
Aliasing \ADC_DelSig:Net_482\ to zero
Aliasing \ADC_DelSig:Net_252\ to zero
Aliasing \ADC_DelSig:soc\ to tmpOE__VDAC_net_0
Removing Lhs of wire one[9] = tmpOE__VDAC_net_0[3]
Removing Lhs of wire \VDAC8:Net_83\[15] = zero[4]
Removing Lhs of wire \VDAC8:Net_81\[16] = zero[4]
Removing Lhs of wire \VDAC8:Net_82\[17] = zero[4]
Removing Lhs of wire tmpOE__Input_Signal_net_0[23] = tmpOE__VDAC_net_0[3]
Removing Lhs of wire \Filter:Net_1\[29] = zero[4]
Removing Lhs of wire \Filter:Net_4\[31] = zero[4]
Removing Lhs of wire \Filter:Net_5\[32] = zero[4]
Removing Rhs of wire \ADC_DelSig:Net_488\[45] = \ADC_DelSig:Net_250\[79]
Removing Lhs of wire \ADC_DelSig:Net_481\[47] = zero[4]
Removing Lhs of wire \ADC_DelSig:Net_482\[48] = zero[4]
Removing Lhs of wire \ADC_DelSig:Net_252\[81] = zero[4]
Removing Lhs of wire \ADC_DelSig:soc\[83] = tmpOE__VDAC_net_0[3]

------------------------------------------------------
Aliased 0 equations, 13 wires.
------------------------------------------------------

----------------------------------------------------------
Circuit simplification
----------------------------------------------------------

Substituting virtuals - pass 1:


----------------------------------------------------------
Circuit simplification results:

	Expanded 0 signals.
	Turned 0 signals into soft nodes.
	Maximum default expansion cost was set at 3.
----------------------------------------------------------

topld:  No errors.

CYPRESS_DIR    : C:\Program Files (x86)\Cypress\PSoC Creator\3.3\PSoC Creator\warp
Warp Program   : C:\Program Files (x86)\Cypress\PSoC Creator\3.3\PSoC Creator\warp\bin/warp.exe
Warp Arguments : -yv2 -q10 -ygs -o2 -v3 -.fftcfgtype=LE -ya "-.fftprj=C:\Users\bskg\Desktop\PSoC 5LP_16 Bit and 24 Bit Digital Filter Code Examples\Archive\PSoC 5LP_16 Bit and 24 Bit Digital Filter Code Examples\Filter_16Bit.cydsn\Filter_16Bit.cyprj" -dcpsoc3 Filter_16Bit.v -verilog
</CYPRESSTAG>
Warp synthesis phase: Elapsed time ==> 0s.340ms
<CYPRESSTAG name="Fitter results...">
<CYPRESSTAG name="Fitter startup details...">
cyp3fit: V3.3.0.7343, Family: PSoC3, Started at: Tuesday, 15 March 2016 18:11:25
Options: -yv2 -q10 -ygs -o2 -v3 -.fftcfgtype=LE -ya -.fftprj=C:\Users\bskg\Desktop\PSoC 5LP_16 Bit and 24 Bit Digital Filter Code Examples\Archive\PSoC 5LP_16 Bit and 24 Bit Digital Filter Code Examples\Filter_16Bit.cydsn\Filter_16Bit.cyprj -d CY8C5868AXI-LP035 Filter_16Bit.v -verilog
</CYPRESSTAG>
<CYPRESSTAG name="Design parsing">
Design parsing phase: Elapsed time ==> 0s.020ms
</CYPRESSTAG>
<CYPRESSTAG name="Tech mapping">
<CYPRESSTAG name="Initial Mapping" icon="FILE_RPT_TECHM">
<CYPRESSTAG name="Global Clock Selection" icon="FILE_RPT_TECHM">
    Digital Clock 0: Automatic-assigning  clock 'ADC_DelSig_Ext_CP_Clk'. Fanout=1, Signal=\ADC_DelSig:Net_93\
    Analog  Clock 0: Automatic-assigning  clock 'ADC_DelSig_theACLK'. Fanout=1, Signal=\ADC_DelSig:Net_488\
</CYPRESSTAG>
<CYPRESSTAG name="UDB Clock/Enable Remapping Results">
</CYPRESSTAG>

Removing unused cells resulting from optimization
Done removing unused cells.
<CYPRESSTAG name="Duplicate Macrocell detection">
</CYPRESSTAG>
</CYPRESSTAG>
<CYPRESSTAG name="Duplicate Macrocell detection">
</CYPRESSTAG>
<CYPRESSTAG name="Design Equations" icon="FILE_RPT_EQUATION">

------------------------------------------------------------
Design Equations
------------------------------------------------------------
    <CYPRESSTAG name="Pin listing">

    ------------------------------------------------------------
    Pin listing
    ------------------------------------------------------------

    Pin : Name = VDAC(0)
        Attributes:
            In Group/Port: True
            In Sync Option: AUTO
            Out Sync Option: AUTO
            Interrupt generated: False
            Interrupt mode: NONE
            Drive mode: HI_Z_ANALOG
            VTrip: EITHER
            Slew: FAST
            Input Sync needed: False
            Output Sync needed: False
            SC shield enabled: False
            POR State: ANY
            LCD Mode: COMMON
            Register Mode: RegComb
            CaSense Mode: NEITHER
            Treat as pin: True
            Is OE Registered: False
            Uses Analog: True
            Can contain Digital: False
            Is SIO: False
            SIO Output Buf: NONREGULATED
            SIO Input Buf: SINGLE_ENDED
            SIO HiFreq: LOW
            SIO Hyst: DISABLED
            SIO Vtrip: MULTIPLIER_0_5
            SIO Multiplier Index: 0
            SIO RefSel: VCC_IO
            Required Capabilitites: ANALOG
            Initial Value: 0
            IO Voltage: 0
        PORT MAP (
            pa_out => VDAC(0)__PA ,
            analog_term => Net_133 ,
            pad => VDAC(0)_PAD );
        Properties:
        {
        }

    Pin : Name = Input_Signal(0)
        Attributes:
            In Group/Port: True
            In Sync Option: AUTO
            Out Sync Option: AUTO
            Interrupt generated: False
            Interrupt mode: NONE
            Drive mode: HI_Z_ANALOG
            VTrip: EITHER
            Slew: FAST
            Input Sync needed: False
            Output Sync needed: False
            SC shield enabled: False
            POR State: ANY
            LCD Mode: COMMON
            Register Mode: RegComb
            CaSense Mode: NEITHER
            Treat as pin: True
            Is OE Registered: False
            Uses Analog: True
            Can contain Digital: False
            Is SIO: False
            SIO Output Buf: NONREGULATED
            SIO Input Buf: SINGLE_ENDED
            SIO HiFreq: LOW
            SIO Hyst: DISABLED
            SIO Vtrip: MULTIPLIER_0_5
            SIO Multiplier Index: 0
            SIO RefSel: VCC_IO
            Required Capabilitites: ANALOG
            Initial Value: 0
            IO Voltage: 0
        PORT MAP (
            pa_out => Input_Signal(0)__PA ,
            analog_term => Net_169 ,
            pad => Input_Signal(0)_PAD );
        Properties:
        {
        }
    </CYPRESSTAG>
    <CYPRESSTAG name="Macrocell listing" icon="FILE_RPT_EQUATION">

    ------------------------------------------------------------
    Macrocell listing
    ------------------------------------------------------------

    MacroCell: Name=__ONE__, Mode=(Combinatorial)
        Total # of inputs        : 0
        Total # of product terms : 0
            Clock Enable: True
        Main Equation            : 0 pterms
        !(
            0
        );
        Output = __ONE__ (fanout=1)
    </CYPRESSTAG>
    <CYPRESSTAG name="Datapath listing">
    </CYPRESSTAG>
    <CYPRESSTAG name="Status register listing">
    </CYPRESSTAG>
    <CYPRESSTAG name="StatusI register listing">
    </CYPRESSTAG>
    <CYPRESSTAG name="Sync listing">
    </CYPRESSTAG>
    <CYPRESSTAG name="Control register listing">
    </CYPRESSTAG>
    <CYPRESSTAG name="Count7 listing">
    </CYPRESSTAG>
    <CYPRESSTAG name="DRQ listing">

    ------------------------------------------------------------
    DRQ listing
    ------------------------------------------------------------

    drqcell: Name =DMA
        PORT MAP (
            dmareq => Net_140 ,
            termin => zero ,
            termout => Net_166 );
        Properties:
        {
            drq_type = "10"
            num_tds = 0
        }
    </CYPRESSTAG>
    <CYPRESSTAG name="Interrupt listing">

    ------------------------------------------------------------
    Interrupt listing
    ------------------------------------------------------------

    interrupt: Name =isr_Filter
        PORT MAP (
            interrupt => Net_47 );
        Properties:
        {
            int_type = "10"
        }

    interrupt: Name =\ADC_DelSig:IRQ\
        PORT MAP (
            interrupt => Net_140 );
        Properties:
        {
            int_type = "10"
        }
    </CYPRESSTAG>
</CYPRESSTAG>
<CYPRESSTAG name="Technology mapping summary" expanded>

------------------------------------------------------------
Technology mapping summary
------------------------------------------------------------

Resource Type                 : Used : Free :  Max :  % Used
============================================================
Digital Clocks                :    1 :    7 :    8 : 12.50 %
Analog Clocks                 :    1 :    3 :    4 : 25.00 %
CapSense Buffers              :    0 :    2 :    2 :  0.00 %
Digital Filter Block          :    1 :    0 :    1 : 100.00 %
Interrupts                    :    2 :   30 :   32 :  6.25 %
IO                            :    5 :   67 :   72 :  6.94 %
Segment LCD                   :    0 :    1 :    1 :  0.00 %
CAN 2.0b                      :    0 :    1 :    1 :  0.00 %
I2C                           :    0 :    1 :    1 :  0.00 %
USB                           :    0 :    1 :    1 :  0.00 %
DMA Channels                  :    1 :   23 :   24 :  4.17 %
Timer                         :    0 :    4 :    4 :  0.00 %
UDB                           :      :      :      :        
  Macrocells                  :    1 :  191 :  192 :  0.52 %
  Unique P-terms              :    0 :  384 :  384 :  0.00 %
  Total P-terms               :    0 :      :      :        
  Datapath Cells              :    0 :   24 :   24 :  0.00 %
  Status Cells                :    0 :   24 :   24 :  0.00 %
  Control Cells               :    0 :   24 :   24 :  0.00 %
Opamp                         :    0 :    4 :    4 :  0.00 %
Comparator                    :    0 :    4 :    4 :  0.00 %
Delta-Sigma ADC               :    1 :    0 :    1 : 100.00 %
LPF                           :    0 :    2 :    2 :  0.00 %
SAR ADC                       :    0 :    2 :    2 :  0.00 %
Analog (SC/CT) Blocks         :    0 :    4 :    4 :  0.00 %
DAC                           :      :      :      :        
  VIDAC                       :    1 :    3 :    4 : 25.00 %
</CYPRESSTAG>
Technology Mapping: Elapsed time ==> 0s.010ms
Tech mapping phase: Elapsed time ==> 0s.110ms
</CYPRESSTAG>
<CYPRESSTAG name="Analog Placement">
Initial Analog Placement Results:
IO_0@[IOP=(0)][IoId=(0)] : Input_Signal(0) (fixed)
IO_7@[IOP=(0)][IoId=(7)] : VDAC(0) (fixed)
DSM[0]@[FFB(DSM,0)] : \ADC_DelSig:DSM\
VIDAC[3]@[FFB(VIDAC,3)] : \VDAC8:viDAC8\
Vref[1]@[FFB(Vref,1)] : vRef_1
Log: apr.M0058: The analog placement iterative improvement is 37% done. (App=cydsfit)
Log: apr.M0058: The analog placement iterative improvement is 63% done. (App=cydsfit)
Log: apr.M0058: The analog placement iterative improvement is 92% done. (App=cydsfit)
Analog Placement Results:
IO_0@[IOP=(0)][IoId=(0)] : Input_Signal(0) (fixed)
IO_7@[IOP=(0)][IoId=(7)] : VDAC(0) (fixed)
DSM[0]@[FFB(DSM,0)] : \ADC_DelSig:DSM\
VIDAC[0]@[FFB(VIDAC,0)] : \VDAC8:viDAC8\
Vref[1]@[FFB(Vref,1)] : vRef_1

Analog Placement phase: Elapsed time ==> 1s.000ms
</CYPRESSTAG>
<CYPRESSTAG name="Analog Routing">
Analog Routing phase: Elapsed time ==> 0s.010ms
</CYPRESSTAG>
<CYPRESSTAG name="Analog Code Generation">
============ Analog Final Answer Routes ============
Dump of CyAnalogRoutingResultsDB
Map of net to items {
  Net: Net_169 {
    dsm_0_vplus
    agl4_x_dsm_0_vplus
    agl4
    agl4_x_p0_0
    p0_0
  }
  Net: Net_133 {
    vidac_0_vout
    amuxbusl_x_vidac_0_vout
    amuxbusl
    amuxbusl_x_p0_7
    p0_7
  }
  Net: Net_27 {
    common_Vdda/2
    common_Vdda/2_x_comp_vref_vdda
    comp_vref_vdda
    abusl0_x_comp_vref_vdda
    abusl0
    abusl0_x_vidac_2_vout
    vidac_2_vout
    agl5_x_vidac_2_vout
    agl5
    agl5_x_dsm_0_vminus
    dsm_0_vminus
  }
  Net: \ADC_DelSig:Net_249\ {
  }
  Net: \ADC_DelSig:Net_257\ {
  }
  Net: \ADC_DelSig:Net_109\ {
  }
  Net: \ADC_DelSig:Net_34\ {
  }
  Net: \VDAC8:Net_77\ {
  }
}
Map of item to net {
  dsm_0_vplus                                      -> Net_169
  agl4_x_dsm_0_vplus                               -> Net_169
  agl4                                             -> Net_169
  agl4_x_p0_0                                      -> Net_169
  p0_0                                             -> Net_169
  vidac_0_vout                                     -> Net_133
  amuxbusl_x_vidac_0_vout                          -> Net_133
  amuxbusl                                         -> Net_133
  amuxbusl_x_p0_7                                  -> Net_133
  p0_7                                             -> Net_133
  common_Vdda/2                                    -> Net_27
  common_Vdda/2_x_comp_vref_vdda                   -> Net_27
  comp_vref_vdda                                   -> Net_27
  abusl0_x_comp_vref_vdda                          -> Net_27
  abusl0                                           -> Net_27
  abusl0_x_vidac_2_vout                            -> Net_27
  vidac_2_vout                                     -> Net_27
  agl5_x_vidac_2_vout                              -> Net_27
  agl5                                             -> Net_27
  agl5_x_dsm_0_vminus                              -> Net_27
  dsm_0_vminus                                     -> Net_27
}
Mux Info {
}
Dump of CyP35AnalogRoutingResultsDB
IsVddaHalfUsedForComp = True
IsVddaHalfUsedForSar0 = False
IsVddaHalfUsedForSar1 = False
Analog Code Generation phase: Elapsed time ==> 0s.520ms
</CYPRESSTAG>
<CYPRESSTAG name="Digital Placement">
<CYPRESSTAG name="Detailed placement messages">
I2659: No Constrained paths were found. The placer will run in non-timing driven mode.
I2076: Total run-time: 0.6 sec.

</CYPRESSTAG>
<CYPRESSTAG name="PLD Packing">
<CYPRESSTAG name="PLD Packing Summary" expanded>

------------------------------------------------------------
PLD Packing Summary
------------------------------------------------------------
            Resource Type : Used : Free :  Max :  % Used
    ====================================================
                     PLDs :    1 :   47 :   48 :   2.08%

<CYPRESSTAG name="PLD Statistics">

        PLD Resource Type :     Average/LAB
    =======================================
                   Inputs :            0.00
                   Pterms :            0.00
               Macrocells :            1.00
</CYPRESSTAG>
<CYPRESSTAG name="Packed PLD Contents">
Packed PLD Contents not displayed at this verbose level.</CYPRESSTAG>
</CYPRESSTAG>
PLD Packing: Elapsed time ==> 0s.000ms
</CYPRESSTAG>
<CYPRESSTAG name="Partitioning">
<CYPRESSTAG name="Initial Partitioning Summary">
Initial Partitioning Summary not displayed at this verbose level.</CYPRESSTAG>
<CYPRESSTAG name="Final Partitioning Summary">
Final Partitioning Summary not displayed at this verbose level.</CYPRESSTAG>
Partitioning: Elapsed time ==> 0s.020ms
</CYPRESSTAG>
<CYPRESSTAG name="Simulated Annealing">
Annealing: Elapsed time ==> 0s.000ms
<CYPRESSTAG name="Simulated Annealing Results">
The seed used for moves was 114161200.
Inital cost was 16, final cost is 16 (0.00% improvement).</CYPRESSTAG>
</CYPRESSTAG>
<CYPRESSTAG name="Final Placement Summary">

------------------------------------------------------------
Final Placement Summary
------------------------------------------------------------

       Resource Type :      Count : Avg Inputs : Avg Outputs
    ========================================================
                 UDB :          1 :       0.00 :       1.00
<CYPRESSTAG name="Final Placement Details">
<CYPRESSTAG name="Component Details">

------------------------------------------------------------
Component Placement Details
------------------------------------------------------------
UDB [UDB=(0,0)] is empty.
UDB [UDB=(0,1)] is empty.
UDB [UDB=(0,2)] is empty.
UDB [UDB=(0,3)] is empty.
UDB [UDB=(0,4)] is empty.
UDB [UDB=(0,5)] is empty.
UDB [UDB=(1,0)] is empty.
UDB [UDB=(1,1)] is empty.
UDB [UDB=(1,2)] is empty.
UDB [UDB=(1,3)] contents:
LAB@[UDB=(1,3)][LB=0] #macrocells=1, #inputs=0, #pterms=0
{
    [McSlotId=0]:     MacroCell: Name=__ONE__, Mode=(Combinatorial) @ [UDB=(1,3)][LB=0][MC=0]
        Total # of inputs        : 0
        Total # of product terms : 0
            Clock Enable: True
        Main Equation            : 0 pterms
        !(
            0
        );
        Output = __ONE__ (fanout=1)
        Properties               : 
        {
        }

    [McSlotId=1]: (empty)
    [McSlotId=2]: (empty)
    [McSlotId=3]: (empty)
}

UDB [UDB=(1,4)] is empty.
UDB [UDB=(1,5)] is empty.
UDB [UDB=(2,0)] is empty.
UDB [UDB=(2,1)] is empty.
UDB [UDB=(2,2)] is empty.
UDB [UDB=(2,3)] is empty.
UDB [UDB=(2,4)] is empty.
UDB [UDB=(2,5)] is empty.
UDB [UDB=(3,0)] is empty.
UDB [UDB=(3,1)] is empty.
UDB [UDB=(3,2)] is empty.
UDB [UDB=(3,3)] is empty.
UDB [UDB=(3,4)] is empty.
UDB [UDB=(3,5)] is empty.
Intr container @ [IntrContainer=(0)]: 
  Intr@ [IntrContainer=(0)][IntrId=(28)] 
    interrupt: Name =isr_Filter
        PORT MAP (
            interrupt => Net_47 );
        Properties:
        {
            int_type = "10"
        }
  Intr@ [IntrContainer=(0)][IntrId=(29)] 
    interrupt: Name =\ADC_DelSig:IRQ\
        PORT MAP (
            interrupt => Net_140 );
        Properties:
        {
            int_type = "10"
        }
Drq container @ [DrqContainer=(0)]: 
  Dma@ [DrqContainer=(0)][DrqId=(10)] 
    drqcell: Name =DMA
        PORT MAP (
            dmareq => Net_140 ,
            termin => zero ,
            termout => Net_166 );
        Properties:
        {
            drq_type = "10"
            num_tds = 0
        }
Port 0 contains the following IO cells:
[IoId=0]: 
Pin : Name = Input_Signal(0)
    Attributes:
        In Group/Port: True
        In Sync Option: AUTO
        Out Sync Option: AUTO
        Interrupt generated: False
        Interrupt mode: NONE
        Drive mode: HI_Z_ANALOG
        VTrip: EITHER
        Slew: FAST
        Input Sync needed: False
        Output Sync needed: False
        SC shield enabled: False
        POR State: ANY
        LCD Mode: COMMON
        Register Mode: RegComb
        CaSense Mode: NEITHER
        Treat as pin: True
        Is OE Registered: False
        Uses Analog: True
        Can contain Digital: False
        Is SIO: False
        SIO Output Buf: NONREGULATED
        SIO Input Buf: SINGLE_ENDED
        SIO HiFreq: LOW
        SIO Hyst: DISABLED
        SIO Vtrip: MULTIPLIER_0_5
        SIO Multiplier Index: 0
        SIO RefSel: VCC_IO
        Required Capabilitites: ANALOG
        Initial Value: 0
        IO Voltage: 0
    PORT MAP (
        pa_out => Input_Signal(0)__PA ,
        analog_term => Net_169 ,
        pad => Input_Signal(0)_PAD );
    Properties:
    {
    }

[IoId=7]: 
Pin : Name = VDAC(0)
    Attributes:
        In Group/Port: True
        In Sync Option: AUTO
        Out Sync Option: AUTO
        Interrupt generated: False
        Interrupt mode: NONE
        Drive mode: HI_Z_ANALOG
        VTrip: EITHER
        Slew: FAST
        Input Sync needed: False
        Output Sync needed: False
        SC shield enabled: False
        POR State: ANY
        LCD Mode: COMMON
        Register Mode: RegComb
        CaSense Mode: NEITHER
        Treat as pin: True
        Is OE Registered: False
        Uses Analog: True
        Can contain Digital: False
        Is SIO: False
        SIO Output Buf: NONREGULATED
        SIO Input Buf: SINGLE_ENDED
        SIO HiFreq: LOW
        SIO Hyst: DISABLED
        SIO Vtrip: MULTIPLIER_0_5
        SIO Multiplier Index: 0
        SIO RefSel: VCC_IO
        Required Capabilitites: ANALOG
        Initial Value: 0
        IO Voltage: 0
    PORT MAP (
        pa_out => VDAC(0)__PA ,
        analog_term => Net_133 ,
        pad => VDAC(0)_PAD );
    Properties:
    {
    }

Port 1 is empty
Port 2 is empty
Port 3 is empty
Port 4 is empty
Port 5 is empty
Port 6 is empty
Port 12 is empty
Port 15 is empty
CAN 2.0b group 0: empty
Cache group 0: empty
CapSense group 0: empty
Clock group 0: 
    Clock Block @ F(Clock,0): 
    clockblockcell: Name =ClockBlock
        PORT MAP (
            imo => ClockBlock_IMO ,
            pllout => ClockBlock_PLL_OUT ,
            ilo => ClockBlock_ILO ,
            clk_100k => ClockBlock_100k ,
            clk_1k => ClockBlock_1k ,
            clk_32k => ClockBlock_32k ,
            xtal => ClockBlock_XTAL ,
            clk_32k_xtal => ClockBlock_XTAL_32KHZ ,
            clk_sync => ClockBlock_MASTER_CLK ,
            clk_bus_glb => ClockBlock_BUS_CLK ,
            clk_bus => ClockBlock_BUS_CLK_local ,
            dclk_glb_0 => \ADC_DelSig:Net_93\ ,
            dclk_0 => \ADC_DelSig:Net_93_local\ ,
            aclk_glb_0 => \ADC_DelSig:Net_488\ ,
            aclk_0 => \ADC_DelSig:Net_488_local\ ,
            clk_a_dig_glb_0 => \ADC_DelSig:Net_488_adig\ ,
            clk_a_dig_0 => \ADC_DelSig:Net_488_adig_local\ );
        Properties:
        {
        }
Comparator group 0: empty
Digital Filter Block group 0: 
    DFB Block @ F(DFB,0): 
    dfbcell: Name =\Filter:DFB\
        PORT MAP (
            out_1 => \Filter:Net_8\ ,
            out_2 => \Filter:Net_9\ ,
            dmareq_1 => Net_170 ,
            dmareq_2 => Net_171 ,
            interrupt => Net_47 );
        Properties:
        {
            cy_registers = ""
        }
Delta-Sigma ADC group 0: 
    DS Modulator @ F(DSM,0): 
    dsmodcell: Name =\ADC_DelSig:DSM\
        PORT MAP (
            aclock => \ADC_DelSig:Net_488\ ,
            vplus => Net_169 ,
            vminus => Net_27 ,
            reset_dec => \ADC_DelSig:mod_reset\ ,
            extclk_cp_udb => \ADC_DelSig:Net_93_local\ ,
            ext_pin_1 => \ADC_DelSig:Net_249\ ,
            ext_pin_2 => \ADC_DelSig:Net_257\ ,
            ext_vssa => \ADC_DelSig:Net_109\ ,
            qtz_ref => \ADC_DelSig:Net_34\ ,
            dec_clock => \ADC_DelSig:aclock\ ,
            mod_dat_3 => \ADC_DelSig:mod_dat_3\ ,
            mod_dat_2 => \ADC_DelSig:mod_dat_2\ ,
            mod_dat_1 => \ADC_DelSig:mod_dat_1\ ,
            mod_dat_0 => \ADC_DelSig:mod_dat_0\ ,
            dout_udb_7 => \ADC_DelSig:Net_245_7\ ,
            dout_udb_6 => \ADC_DelSig:Net_245_6\ ,
            dout_udb_5 => \ADC_DelSig:Net_245_5\ ,
            dout_udb_4 => \ADC_DelSig:Net_245_4\ ,
            dout_udb_3 => \ADC_DelSig:Net_245_3\ ,
            dout_udb_2 => \ADC_DelSig:Net_245_2\ ,
            dout_udb_1 => \ADC_DelSig:Net_245_1\ ,
            dout_udb_0 => \ADC_DelSig:Net_245_0\ );
        Properties:
        {
            cy_registers = ""
            resolution = 16
        }
Decimator group 0: 
    Decimator Block @ F(Decimator,0): 
    decimatorcell: Name =\ADC_DelSig:DEC\
        PORT MAP (
            aclock => \ADC_DelSig:aclock\ ,
            mod_dat_3 => \ADC_DelSig:mod_dat_3\ ,
            mod_dat_2 => \ADC_DelSig:mod_dat_2\ ,
            mod_dat_1 => \ADC_DelSig:mod_dat_1\ ,
            mod_dat_0 => \ADC_DelSig:mod_dat_0\ ,
            ext_start => __ONE__ ,
            modrst => \ADC_DelSig:mod_reset\ ,
            interrupt => Net_140 );
        Properties:
        {
            cy_registers = ""
        }
EMIF group 0: empty
I2C group 0: empty
Segment LCD group 0: empty
LVD group 0: empty
PM group 0: empty
Analog (SC/CT) Blocks group 0: empty
SPC group 0: empty
Timer group 0: empty
USB group 0: empty
VIDAC group 0: 
    VIDAC Block @ F(VIDAC,0): 
    vidaccell: Name =\VDAC8:viDAC8\
        PORT MAP (
            vout => Net_133 ,
            iout => \VDAC8:Net_77\ );
        Properties:
        {
            cy_registers = ""
            is_all_if_any = 0
            reg_data = 0
        }
Opamp group 0: empty
CapSense Buffers group 0: empty
Vref group 0: 
    Vref Block @ F(Vref,1): 
    vrefcell: Name =vRef_1
        PORT MAP (
            vout => Net_27 );
        Properties:
        {
            autoenable = 1
            guid = "4720866E-BC14-478d-B8A0-3E44F38CADAC"
            ignoresleep = 0
            name = "Vdda/2"
        }
LPF group 0: empty
SAR ADC group 0: empty
</CYPRESSTAG>
<CYPRESSTAG name="Port Configuration Details">

------------------------------------------------------------
Port Configuration report
------------------------------------------------------------
     |     |       | Interrupt |                  |                 | 
Port | Pin | Fixed |      Type |       Drive Mode |            Name | Connections
-----+-----+-------+-----------+------------------+-----------------+----------------
   0 |   0 |     * |      NONE |      HI_Z_ANALOG | Input_Signal(0) | Analog(Net_169)
     |   7 |     * |      NONE |      HI_Z_ANALOG |         VDAC(0) | Analog(Net_133)
-------------------------------------------------------------------------------------
</CYPRESSTAG>
</CYPRESSTAG>
</CYPRESSTAG>
Digital component placer commit/Report: Elapsed time ==> 0s.000ms
Digital Placement phase: Elapsed time ==> 0s.970ms
</CYPRESSTAG>
<CYPRESSTAG name="Digital Routing">
Routing successful.
Digital Routing phase: Elapsed time ==> 1s.480ms
</CYPRESSTAG>
<CYPRESSTAG name="Bitstream and API generation">
Bitstream and API generation phase: Elapsed time ==> 0s.290ms
</CYPRESSTAG>
<CYPRESSTAG name="Bitstream verification">
Bitstream verification phase: Elapsed time ==> 0s.060ms
</CYPRESSTAG>
<CYPRESSTAG name="Static timing analysis">
Timing report is in Filter_16Bit_timing.html.
Static timing analysis phase: Elapsed time ==> 0s.390ms
</CYPRESSTAG>
<CYPRESSTAG name="Data reporting">
Data reporting phase: Elapsed time ==> 0s.000ms
</CYPRESSTAG>
<CYPRESSTAG name="Database update...">
Design database save phase: Elapsed time ==> 0s.220ms
</CYPRESSTAG>
cydsfit: Elapsed time ==> 5s.080ms
</CYPRESSTAG>
Fitter phase: Elapsed time ==> 5s.130ms
API generation phase: Elapsed time ==> 2s.930ms
Dependency generation phase: Elapsed time ==> 0s.040ms
Cleanup phase: Elapsed time ==> 0s.010ms
